<?xml version="1.0" encoding="UTF-8"?>
<testng-results ignored="0" total="1" passed="1" failed="0" skipped="0">
  <reporter-output>
  </reporter-output>
  <suite started-at="2024-11-12T19:54:03 IST" name="UserJourneySuite" finished-at="2024-11-12T19:54:33 IST" duration-ms="29608">
    <groups>
    </groups>
    <test started-at="2024-11-12T19:54:03 IST" name="CompleteUserJourney" finished-at="2024-11-12T19:54:33 IST" duration-ms="29608">
      <class name="com.testcases.UserJourneyTest">
        <test-method is-config="true" signature="setUp()[pri:0, instance:com.testcases.UserJourneyTest@7817fd62]" started-at="2024-11-12T19:54:03 IST" name="setUp" finished-at="2024-11-12T19:54:14 IST" duration-ms="10523" status="PASS">
          <reporter-output>
          </reporter-output>
        </test-method> <!-- setUp -->
        <test-method signature="testEndToEndUserJourney()[pri:0, instance:com.testcases.UserJourneyTest@7817fd62]" started-at="2024-11-12T19:54:14 IST" name="testEndToEndUserJourney" finished-at="2024-11-12T19:54:32 IST" duration-ms="18309" status="PASS">
          <reporter-output>
          </reporter-output>
        </test-method> <!-- testEndToEndUserJourney -->
        <test-method is-config="true" signature="tearDown()[pri:0, instance:com.testcases.UserJourneyTest@7817fd62]" started-at="2024-11-12T19:54:32 IST" name="tearDown" finished-at="2024-11-12T19:54:33 IST" duration-ms="702" status="PASS">
          <reporter-output>
          </reporter-output>
        </test-method> <!-- tearDown -->
      </class> <!-- com.testcases.UserJourneyTest -->
    </test> <!-- CompleteUserJourney -->
  </suite> <!-- UserJourneySuite -->
</testng-results>
